==============================================================================
TestSuites                                                                    
==============================================================================
TestSuites.TS11 EPFO                                                          
==============================================================================
TestSuites.TS11 EPFO.TC11 EPFO                                                
==============================================================================
Verifying EPFO page :: TC-1 Test the EPFO page                          
  Traceback (most recent call last):
    ~~~~~~~~~~~~~~~~~~~~~~~~~~~~~~~~~~~~~~~~~~~~~~~~~~~~~~~~~~~~~~~~~~~~~~~~~~
    File  C:\Users\Komal Kumari\PycharmProjects\CrediwatchAPP\TestSuites\TS11_EPFO\TC11_EPFO.robot:11
    T:  Verifying EPFO page    
    ~~~~~~~~~~~~~~~~~~~~~~~~~~~~~~~~~~~~~~~~~~~~~~~~~~~~~~~~~~~~~~~~~~~~~~~~~~
    File  C:\Users\Komal Kumari\PycharmProjects\CrediwatchAPP\TestSuites\TS11_EPFO\TC11_EPFO.robot:14
      Login to the application and search customer name    
    ~~~~~~~~~~~~~~~~~~~~~~~~~~~~~~~~~~~~~~~~~~~~~~~~~~~~~~~~~~~~~~~~~~~~~~~~~~
    File  C:\Users\Komal Kumari\PycharmProjects\CrediwatchAPP\Resources\CommonKeywords\GenralKeywords.robot:107
      Wait Until Element Is Visible    ${SEARCHED ITEM}
      |  ${SEARCHED ITEM} = (//div[@class='d-flex align-items-center'])[1] (str)
______________________________________________________________________________
| FAIL |
Element '(//div[@class='d-flex align-items-center'])[1]' not visible after 5 seconds.
------------------------------------------------------------------------------
TestSuites.TS11 EPFO.TC11 EPFO                                        | FAIL |
1 test, 0 passed, 1 failed
==============================================================================
TestSuites.TS11 EPFO                                                  | FAIL |
1 test, 0 passed, 1 failed
==============================================================================
TestSuites                                                            | FAIL |
1 test, 0 passed, 1 failed
==============================================================================
Output:  C:\Users\Komal Kumari\PycharmProjects\CrediwatchAPP\Results\pabot_results\2\output.xml
