==============================================================================
TestSuites                                                                    
==============================================================================
TestSuites.TS2 Highlights                                                     
==============================================================================
TestSuites.TS2 Highlights.TC2 HIGHLIGHTS                                      
==============================================================================
Verifying Highlights page :: TC-1 Test the highlights page by sear...   
  Traceback (most recent call last):
    ~~~~~~~~~~~~~~~~~~~~~~~~~~~~~~~~~~~~~~~~~~~~~~~~~~~~~~~~~~~~~~~~~~~~~~~~~~
    File  C:\Users\Komal Kumari\PycharmProjects\CrediwatchAPP\TestSuites\TS2_Highlights\TC2_HIGHLIGHTS.robot:11
    T:  Verifying Highlights page    
    ~~~~~~~~~~~~~~~~~~~~~~~~~~~~~~~~~~~~~~~~~~~~~~~~~~~~~~~~~~~~~~~~~~~~~~~~~~
    File  C:\Users\Komal Kumari\PycharmProjects\CrediwatchAPP\TestSuites\TS2_Highlights\TC2_HIGHLIGHTS.robot:14
      Login to the application and search customer name    
    ~~~~~~~~~~~~~~~~~~~~~~~~~~~~~~~~~~~~~~~~~~~~~~~~~~~~~~~~~~~~~~~~~~~~~~~~~~
    File  C:\Users\Komal Kumari\PycharmProjects\CrediwatchAPP\Resources\CommonKeywords\GenralKeywords.robot:107
      Wait Until Element Is Visible    ${SEARCHED ITEM}
      |  ${SEARCHED ITEM} = (//div[@class='d-flex align-items-center'])[1] (str)
______________________________________________________________________________
| FAIL |
Element '(//div[@class='d-flex align-items-center'])[1]' not visible after 5 seconds.
------------------------------------------------------------------------------
Verify Business Activity table :: TC-2 Test Business Activity tabl...   
  Traceback (most recent call last):
    ~~~~~~~~~~~~~~~~~~~~~~~~~~~~~~~~~~~~~~~~~~~~~~~~~~~~~~~~~~~~~~~~~~~~~~~~~~
    File  C:\Users\Komal Kumari\PycharmProjects\CrediwatchAPP\TestSuites\TS2_Highlights\TC2_HIGHLIGHTS.robot:20
    T:  Verify Business Activity table    
    ~~~~~~~~~~~~~~~~~~~~~~~~~~~~~~~~~~~~~~~~~~~~~~~~~~~~~~~~~~~~~~~~~~~~~~~~~~
    File  C:\Users\Komal Kumari\PycharmProjects\CrediwatchAPP\TestSuites\TS2_Highlights\TC2_HIGHLIGHTS.robot:23
      Log Business Activity of the company on console    
    ~~~~~~~~~~~~~~~~~~~~~~~~~~~~~~~~~~~~~~~~~~~~~~~~~~~~~~~~~~~~~~~~~~~~~~~~~~
    File  C:\Users\Komal Kumari\PycharmProjects\CrediwatchAPP\Resources\Keywords\HighlightsPage.robot:33
      Get Text    ${Business_Activity}
      |  ${Business_Activity} = //table[@class='table table-sm mb-0 table-bordered table-striped'] (str)
______________________________________________________________________________
| FAIL |
Element with locator '//table[@class='table table-sm mb-0 table-bordered table-striped']' not found.
------------------------------------------------------------------------------
Verify Alert Count tab :: TC-3 Click on Alert Count tab and page s...   
  Traceback (most recent call last):
    ~~~~~~~~~~~~~~~~~~~~~~~~~~~~~~~~~~~~~~~~~~~~~~~~~~~~~~~~~~~~~~~~~~~~~~~~~~
    File  C:\Users\Komal Kumari\PycharmProjects\CrediwatchAPP\TestSuites\TS2_Highlights\TC2_HIGHLIGHTS.robot:25
    T:  Verify Alert Count tab    
    ~~~~~~~~~~~~~~~~~~~~~~~~~~~~~~~~~~~~~~~~~~~~~~~~~~~~~~~~~~~~~~~~~~~~~~~~~~
    File  C:\Users\Komal Kumari\PycharmProjects\CrediwatchAPP\TestSuites\TS2_Highlights\TC2_HIGHLIGHTS.robot:28
      Click Alert Count tab Verify Navigation    
    ~~~~~~~~~~~~~~~~~~~~~~~~~~~~~~~~~~~~~~~~~~~~~~~~~~~~~~~~~~~~~~~~~~~~~~~~~~
    File  C:\Users\Komal Kumari\PycharmProjects\CrediwatchAPP\Resources\Keywords\HighlightsPage.robot:40
      Click Element    //div[contains(text(),'Order Reports')]
______________________________________________________________________________
| FAIL |
Element with locator '//div[contains(text(),'Order Reports')]' not found.
------------------------------------------------------------------------------
Verify Cases Tab :: TC-4 Click on Cases tab and page should naviga...   
  Traceback (most recent call last):
    ~~~~~~~~~~~~~~~~~~~~~~~~~~~~~~~~~~~~~~~~~~~~~~~~~~~~~~~~~~~~~~~~~~~~~~~~~~
    File  C:\Users\Komal Kumari\PycharmProjects\CrediwatchAPP\TestSuites\TS2_Highlights\TC2_HIGHLIGHTS.robot:31
    T:  Verify Cases Tab    
    ~~~~~~~~~~~~~~~~~~~~~~~~~~~~~~~~~~~~~~~~~~~~~~~~~~~~~~~~~~~~~~~~~~~~~~~~~~
    File  C:\Users\Komal Kumari\PycharmProjects\CrediwatchAPP\TestSuites\TS2_Highlights\TC2_HIGHLIGHTS.robot:36
      Click Cases Tab And Verify Navigation    
    ~~~~~~~~~~~~~~~~~~~~~~~~~~~~~~~~~~~~~~~~~~~~~~~~~~~~~~~~~~~~~~~~~~~~~~~~~~
    File  C:\Users\Komal Kumari\PycharmProjects\CrediwatchAPP\Resources\Keywords\HighlightsPage.robot:46
      Scroll element into view    ${Cases_Tab}
      |  ${Cases_Tab} = //div[contains(text(),'Cases Open')] (str)
    ~~~~~~~~~~~~~~~~~~~~~~~~~~~~~~~~~~~~~~~~~~~~~~~~~~~~~~~~~~~~~~~~~~~~~~~~~~
    File  C:\Users\Komal Kumari\PycharmProjects\CrediwatchAPP\Resources\CommonKeywords\GenralKeywords.robot:117
      Scroll element into view    ${element}
      |  ${element} = //div[contains(text(),'Cases Open')] (str)
    ~~~~~~~~~~~~~~~~~~~~~~~~~~~~~~~~~~~~~~~~~~~~~~~~~~~~~~~~~~~~~~~~~~~~~~~~~~
    File  C:\Users\Komal Kumari\PycharmProjects\CrediwatchAPP\Resources\CommonKeywords\GenralKeywords.robot:117
      Scroll element into view    ${element}
      |  ${element} = //div[contains(text(),'Cases Open')] (str)
    ~~~~~~~~~~~~~~~~~~~~~~~~~~~~~~~~~~~~~~~~~~~~~~~~~~~~~~~~~~~~~~~~~~~~~~~~~~
    File  C:\Users\Komal Kumari\PycharmProjects\CrediwatchAPP\Resources\CommonKeywords\GenralKeywords.robot:117
      Scroll element into view    ${element}
      |  ${element} = //div[contains(text(),'Cases Open')] (str)
    ~~~~~~~~~~~~~~~~~~~~~~~~~~~~~~~~~~~~~~~~~~~~~~~~~~~~~~~~~~~~~~~~~~~~~~~~~~
    File  C:\Users\Komal Kumari\PycharmProjects\CrediwatchAPP\Resources\CommonKeywords\GenralKeywords.robot:117
      Scroll element into view    ${element}
      |  ${element} = //div[contains(text(),'Cases Open')] (str)
    ~~~~~~~~~~~~~~~~~~~~~~~~~~~~~~~~~~~~~~~~~~~~~~~~~~~~~~~~~~~~~~~~~~~~~~~~~~
    File  C:\Users\Komal Kumari\PycharmProjects\CrediwatchAPP\Resources\CommonKeywords\GenralKeywords.robot:117
      Scroll element into view    ${element}
      |  ${element} = //div[contains(text(),'Cases Open')] (str)
    ~~~~~~~~~~~~~~~~~~~~~~~~~~~~~~~~~~~~~~~~~~~~~~~~~~~~~~~~~~~~~~~~~~~~~~~~~~
    File  C:\Users\Komal Kumari\PycharmProjects\CrediwatchAPP\Resources\CommonKeywords\GenralKeywords.robot:117
      Scroll element into view    ${element}
      |  ${element} = //div[contains(text(),'Cases Open')] (str)
    ~~~~~~~~~~~~~~~~~~~~~~~~~~~~~~~~~~~~~~~~~~~~~~~~~~~~~~~~~~~~~~~~~~~~~~~~~~
    File  C:\Users\Komal Kumari\PycharmProjects\CrediwatchAPP\Resources\CommonKeywords\GenralKeywords.robot:117
      Scroll element into view    ${element}
      |  ${element} = //div[contains(text(),'Cases Open')] (str)
    ~~~~~~~~~~~~~~~~~~~~~~~~~~~~~~~~~~~~~~~~~~~~~~~~~~~~~~~~~~~~~~~~~~~~~~~~~~
    File  C:\Users\Komal Kumari\PycharmProjects\CrediwatchAPP\Resources\CommonKeywords\GenralKeywords.robot:117
      Scroll element into view    ${element}
      |  ${element} = //div[contains(text(),'Cases Open')] (str)
    ~~~~~~~~~~~~~~~~~~~~~~~~~~~~~~~~~~~~~~~~~~~~~~~~~~~~~~~~~~~~~~~~~~~~~~~~~~
    File  C:\Users\Komal Kumari\PycharmProjects\CrediwatchAPP\Resources\CommonKeywords\GenralKeywords.robot:117
      Scroll element into view    ${element}
      |  ${element} = //div[contains(text(),'Cases Open')] (str)
    ~~~~~~~~~~~~~~~~~~~~~~~~~~~~~~~~~~~~~~~~~~~~~~~~~~~~~~~~~~~~~~~~~~~~~~~~~~
    File  C:\Users\Komal Kumari\PycharmProjects\CrediwatchAPP\Resources\CommonKeywords\GenralKeywords.robot:117
      Scroll element into view    ${element}
      |  ${element} = //div[contains(text(),'Cases Open')] (str)
    ~~~~~~~~~~~~~~~~~~~~~~~~~~~~~~~~~~~~~~~~~~~~~~~~~~~~~~~~~~~~~~~~~~~~~~~~~~
    File  C:\Users\Komal Kumari\PycharmProjects\CrediwatchAPP\Resources\CommonKeywords\GenralKeywords.robot:117
      Scroll element into view    ${element}
      |  ${element} = //div[contains(text(),'Cases Open')] (str)
    ~~~~~~~~~~~~~~~~~~~~~~~~~~~~~~~~~~~~~~~~~~~~~~~~~~~~~~~~~~~~~~~~~~~~~~~~~~
    File  C:\Users\Komal Kumari\PycharmProjects\CrediwatchAPP\Resources\CommonKeywords\GenralKeywords.robot:117
      Scroll element into view    ${element}
      |  ${element} = //div[contains(text(),'Cases Open')] (str)
    ~~~~~~~~~~~~~~~~~~~~~~~~~~~~~~~~~~~~~~~~~~~~~~~~~~~~~~~~~~~~~~~~~~~~~~~~~~
    File  C:\Users\Komal Kumari\PycharmProjects\CrediwatchAPP\Resources\CommonKeywords\GenralKeywords.robot:117
      Scroll element into view    ${element}
      |  ${element} = //div[contains(text(),'Cases Open')] (str)
    ~~~~~~~~~~~~~~~~~~~~~~~~~~~~~~~~~~~~~~~~~~~~~~~~~~~~~~~~~~~~~~~~~~~~~~~~~~
    File  C:\Users\Komal Kumari\PycharmProjects\CrediwatchAPP\Resources\CommonKeywords\GenralKeywords.robot:117
      Scroll element into view    ${element}
      |  ${element} = //div[contains(text(),'Cases Open')] (str)
    ~~~~~~~~~~~~~~~~~~~~~~~~~~~~~~~~~~~~~~~~~~~~~~~~~~~~~~~~~~~~~~~~~~~~~~~~~~
    File  C:\Users\Komal Kumari\PycharmProjects\CrediwatchAPP\Resources\CommonKeywords\GenralKeywords.robot:117
      Scroll element into view    ${element}
      |  ${element} = //div[contains(text(),'Cases Open')] (str)
    ~~~~~~~~~~~~~~~~~~~~~~~~~~~~~~~~~~~~~~~~~~~~~~~~~~~~~~~~~~~~~~~~~~~~~~~~~~
    File  C:\Users\Komal Kumari\PycharmProjects\CrediwatchAPP\Resources\CommonKeywords\GenralKeywords.robot:117
      Scroll element into view    ${element}
      |  ${element} = //div[contains(text(),'Cases Open')] (str)
    ~~~~~~~~~~~~~~~~~~~~~~~~~~~~~~~~~~~~~~~~~~~~~~~~~~~~~~~~~~~~~~~~~~~~~~~~~~
    File  C:\Users\Komal Kumari\PycharmProjects\CrediwatchAPP\Resources\CommonKeywords\GenralKeywords.robot:117
      Scroll element into view    ${element}
      |  ${element} = //div[contains(text(),'Cases Open')] (str)
    ~~~~~~~~~~~~~~~~~~~~~~~~~~~~~~~~~~~~~~~~~~~~~~~~~~~~~~~~~~~~~~~~~~~~~~~~~~
    File  C:\Users\Komal Kumari\PycharmProjects\CrediwatchAPP\Resources\CommonKeywords\GenralKeywords.robot:117
      Scroll element into view    ${element}
      |  ${element} = //div[contains(text(),'Cases Open')] (str)
    ~~~~~~~~~~~~~~~~~~~~~~~~~~~~~~~~~~~~~~~~~~~~~~~~~~~~~~~~~~~~~~~~~~~~~~~~~~
    File  C:\Users\Komal Kumari\PycharmProjects\CrediwatchAPP\Resources\CommonKeywords\GenralKeywords.robot:117
      Scroll element into view    ${element}
      |  ${element} = //div[contains(text(),'Cases Open')] (str)
    ~~~~~~~~~~~~~~~~~~~~~~~~~~~~~~~~~~~~~~~~~~~~~~~~~~~~~~~~~~~~~~~~~~~~~~~~~~
    File  C:\Users\Komal Kumari\PycharmProjects\CrediwatchAPP\Resources\CommonKeywords\GenralKeywords.robot:117
      Scroll element into view    ${element}
      |  ${element} = //div[contains(text(),'Cases Open')] (str)
    ~~~~~~~~~~~~~~~~~~~~~~~~~~~~~~~~~~~~~~~~~~~~~~~~~~~~~~~~~~~~~~~~~~~~~~~~~~
    File  C:\Users\Komal Kumari\PycharmProjects\CrediwatchAPP\Resources\CommonKeywords\GenralKeywords.robot:117
      Scroll element into view    ${element}
      |  ${element} = //div[contains(text(),'Cases Open')] (str)
    ~~~~~~~~~~~~~~~~~~~~~~~~~~~~~~~~~~~~~~~~~~~~~~~~~~~~~~~~~~~~~~~~~~~~~~~~~~
    File  C:\Users\Komal Kumari\PycharmProjects\CrediwatchAPP\Resources\CommonKeywords\GenralKeywords.robot:117
      Scroll element into view    ${element}
      |  ${element} = //div[contains(text(),'Cases Open')] (str)
    ~~~~~~~~~~~~~~~~~~~~~~~~~~~~~~~~~~~~~~~~~~~~~~~~~~~~~~~~~~~~~~~~~~~~~~~~~~
    File  C:\Users\Komal Kumari\PycharmProjects\CrediwatchAPP\Resources\CommonKeywords\GenralKeywords.robot:117
      Scroll element into view    ${element}
      |  ${element} = //div[contains(text(),'Cases Open')] (str)
    ~~~~~~~~~~~~~~~~~~~~~~~~~~~~~~~~~~~~~~~~~~~~~~~~~~~~~~~~~~~~~~~~~~~~~~~~~~
    File  C:\Users\Komal Kumari\PycharmProjects\CrediwatchAPP\Resources\CommonKeywords\GenralKeywords.robot:117
      Scroll element into view    ${element}
      |  ${element} = //div[contains(text(),'Cases Open')] (str)
    ~~~~~~~~~~~~~~~~~~~~~~~~~~~~~~~~~~~~~~~~~~~~~~~~~~~~~~~~~~~~~~~~~~~~~~~~~~
    File  C:\Users\Komal Kumari\PycharmProjects\CrediwatchAPP\Resources\CommonKeywords\GenralKeywords.robot:117
      Scroll element into view    ${element}
      |  ${element} = //div[contains(text(),'Cases Open')] (str)
    ~~~~~~~~~~~~~~~~~~~~~~~~~~~~~~~~~~~~~~~~~~~~~~~~~~~~~~~~~~~~~~~~~~~~~~~~~~
    File  C:\Users\Komal Kumari\PycharmProjects\CrediwatchAPP\Resources\CommonKeywords\GenralKeywords.robot:117
      Scroll element into view    ${element}
      |  ${element} = //div[contains(text(),'Cases Open')] (str)
    ~~~~~~~~~~~~~~~~~~~~~~~~~~~~~~~~~~~~~~~~~~~~~~~~~~~~~~~~~~~~~~~~~~~~~~~~~~
    File  C:\Users\Komal Kumari\PycharmProjects\CrediwatchAPP\Resources\CommonKeywords\GenralKeywords.robot:117
      Scroll element into view    ${element}
      |  ${element} = //div[contains(text(),'Cases Open')] (str)
    ~~~~~~~~~~~~~~~~~~~~~~~~~~~~~~~~~~~~~~~~~~~~~~~~~~~~~~~~~~~~~~~~~~~~~~~~~~
    File  C:\Users\Komal Kumari\PycharmProjects\CrediwatchAPP\Resources\CommonKeywords\GenralKeywords.robot:117
      Scroll element into view    ${element}
      |  ${element} = //div[contains(text(),'Cases Open')] (str)
    ~~~~~~~~~~~~~~~~~~~~~~~~~~~~~~~~~~~~~~~~~~~~~~~~~~~~~~~~~~~~~~~~~~~~~~~~~~
    File  C:\Users\Komal Kumari\PycharmProjects\CrediwatchAPP\Resources\CommonKeywords\GenralKeywords.robot:117
      Scroll element into view    ${element}
      |  ${element} = //div[contains(text(),'Cases Open')] (str)
    ~~~~~~~~~~~~~~~~~~~~~~~~~~~~~~~~~~~~~~~~~~~~~~~~~~~~~~~~~~~~~~~~~~~~~~~~~~
    File  C:\Users\Komal Kumari\PycharmProjects\CrediwatchAPP\Resources\CommonKeywords\GenralKeywords.robot:117
      Scroll element into view    ${element}
      |  ${element} = //div[contains(text(),'Cases Open')] (str)
    ~~~~~~~~~~~~~~~~~~~~~~~~~~~~~~~~~~~~~~~~~~~~~~~~~~~~~~~~~~~~~~~~~~~~~~~~~~
    File  C:\Users\Komal Kumari\PycharmProjects\CrediwatchAPP\Resources\CommonKeywords\GenralKeywords.robot:117
      Scroll element into view    ${element}
      |  ${element} = //div[contains(text(),'Cases Open')] (str)
    ~~~~~~~~~~~~~~~~~~~~~~~~~~~~~~~~~~~~~~~~~~~~~~~~~~~~~~~~~~~~~~~~~~~~~~~~~~
    File  C:\Users\Komal Kumari\PycharmProjects\CrediwatchAPP\Resources\CommonKeywords\GenralKeywords.robot:117
      Scroll element into view    ${element}
      |  ${element} = //div[contains(text(),'Cases Open')] (str)
    ~~~~~~~~~~~~~~~~~~~~~~~~~~~~~~~~~~~~~~~~~~~~~~~~~~~~~~~~~~~~~~~~~~~~~~~~~~
    File  C:\Users\Komal Kumari\PycharmProjects\CrediwatchAPP\Resources\CommonKeywords\GenralKeywords.robot:117
      Scroll element into view    ${element}
      |  ${element} = //div[contains(text(),'Cases Open')] (str)
    ~~~~~~~~~~~~~~~~~~~~~~~~~~~~~~~~~~~~~~~~~~~~~~~~~~~~~~~~~~~~~~~~~~~~~~~~~~
    File  C:\Users\Komal Kumari\PycharmProjects\CrediwatchAPP\Resources\CommonKeywords\GenralKeywords.robot:117
      Scroll element into view    ${element}
      |  ${element} = //div[contains(text(),'Cases Open')] (str)
    ~~~~~~~~~~~~~~~~~~~~~~~~~~~~~~~~~~~~~~~~~~~~~~~~~~~~~~~~~~~~~~~~~~~~~~~~~~
    File  C:\Users\Komal Kumari\PycharmProjects\CrediwatchAPP\Resources\CommonKeywords\GenralKeywords.robot:117
      Scroll element into view    ${element}
      |  ${element} = //div[contains(text(),'Cases Open')] (str)
    ~~~~~~~~~~~~~~~~~~~~~~~~~~~~~~~~~~~~~~~~~~~~~~~~~~~~~~~~~~~~~~~~~~~~~~~~~~
    File  C:\Users\Komal Kumari\PycharmProjects\CrediwatchAPP\Resources\CommonKeywords\GenralKeywords.robot:117
      Scroll element into view    ${element}
      |  ${element} = //div[contains(text(),'Cases Open')] (str)
    ~~~~~~~~~~~~~~~~~~~~~~~~~~~~~~~~~~~~~~~~~~~~~~~~~~~~~~~~~~~~~~~~~~~~~~~~~~
    File  C:\Users\Komal Kumari\PycharmProjects\CrediwatchAPP\Resources\CommonKeywords\GenralKeywords.robot:117
      Scroll element into view    ${element}
      |  ${element} = //div[contains(text(),'Cases Open')] (str)
    ~~~~~~~~~~~~~~~~~~~~~~~~~~~~~~~~~~~~~~~~~~~~~~~~~~~~~~~~~~~~~~~~~~~~~~~~~~
    File  C:\Users\Komal Kumari\PycharmProjects\CrediwatchAPP\Resources\CommonKeywords\GenralKeywords.robot:117
      Scroll element into view    ${element}
      |  ${element} = //div[contains(text(),'Cases Open')] (str)
    ~~~~~~~~~~~~~~~~~~~~~~~~~~~~~~~~~~~~~~~~~~~~~~~~~~~~~~~~~~~~~~~~~~~~~~~~~~
    File  C:\Users\Komal Kumari\PycharmProjects\CrediwatchAPP\Resources\CommonKeywords\GenralKeywords.robot:117
      Scroll element into view    ${element}
      |  ${element} = //div[contains(text(),'Cases Open')] (str)
    ~~~~~~~~~~~~~~~~~~~~~~~~~~~~~~~~~~~~~~~~~~~~~~~~~~~~~~~~~~~~~~~~~~~~~~~~~~
    File  C:\Users\Komal Kumari\PycharmProjects\CrediwatchAPP\Resources\CommonKeywords\GenralKeywords.robot:117
      Scroll element into view    ${element}
      |  ${element} = //div[contains(text(),'Cases Open')] (str)
    ~~~~~~~~~~~~~~~~~~~~~~~~~~~~~~~~~~~~~~~~~~~~~~~~~~~~~~~~~~~~~~~~~~~~~~~~~~
    File  C:\Users\Komal Kumari\PycharmProjects\CrediwatchAPP\Resources\CommonKeywords\GenralKeywords.robot:117
      Scroll element into view    ${element}
      |  ${element} = //div[contains(text(),'Cases Open')] (str)
    ~~~~~~~~~~~~~~~~~~~~~~~~~~~~~~~~~~~~~~~~~~~~~~~~~~~~~~~~~~~~~~~~~~~~~~~~~~
    File  C:\Users\Komal Kumari\PycharmProjects\CrediwatchAPP\Resources\CommonKeywords\GenralKeywords.robot:117
      Scroll element into view    ${element}
      |  ${element} = //div[contains(text(),'Cases Open')] (str)
    ~~~~~~~~~~~~~~~~~~~~~~~~~~~~~~~~~~~~~~~~~~~~~~~~~~~~~~~~~~~~~~~~~~~~~~~~~~
    File  C:\Users\Komal Kumari\PycharmProjects\CrediwatchAPP\Resources\CommonKeywords\GenralKeywords.robot:117
      Scroll element into view    ${element}
      |  ${element} = //div[contains(text(),'Cases Open')] (str)
    ~~~~~~~~~~~~~~~~~~~~~~~~~~~~~~~~~~~~~~~~~~~~~~~~~~~~~~~~~~~~~~~~~~~~~~~~~~
    File  C:\Users\Komal Kumari\PycharmProjects\CrediwatchAPP\Resources\CommonKeywords\GenralKeywords.robot:117
      Scroll element into view    ${element}
      |  ${element} = //div[contains(text(),'Cases Open')] (str)
    ~~~~~~~~~~~~~~~~~~~~~~~~~~~~~~~~~~~~~~~~~~~~~~~~~~~~~~~~~~~~~~~~~~~~~~~~~~
    File  C:\Users\Komal Kumari\PycharmProjects\CrediwatchAPP\Resources\CommonKeywords\GenralKeywords.robot:117
      Scroll element into view    ${element}
      |  ${element} = //div[contains(text(),'Cases Open')] (str)
    ~~~~~~~~~~~~~~~~~~~~~~~~~~~~~~~~~~~~~~~~~~~~~~~~~~~~~~~~~~~~~~~~~~~~~~~~~~
    File  C:\Users\Komal Kumari\PycharmProjects\CrediwatchAPP\Resources\CommonKeywords\GenralKeywords.robot:117
      Scroll element into view    ${element}
      |  ${element} = //div[contains(text(),'Cases Open')] (str)
    ~~~~~~~~~~~~~~~~~~~~~~~~~~~~~~~~~~~~~~~~~~~~~~~~~~~~~~~~~~~~~~~~~~~~~~~~~~
    File  C:\Users\Komal Kumari\PycharmProjects\CrediwatchAPP\Resources\CommonKeywords\GenralKeywords.robot:117
      Scroll element into view    ${element}
      |  ${element} = //div[contains(text(),'Cases Open')] (str)
    ~~~~~~~~~~~~~~~~~~~~~~~~~~~~~~~~~~~~~~~~~~~~~~~~~~~~~~~~~~~~~~~~~~~~~~~~~~
    File  C:\Users\Komal Kumari\PycharmProjects\CrediwatchAPP\Resources\CommonKeywords\GenralKeywords.robot:117
      Scroll element into view    ${element}
      |  ${element} = //div[contains(text(),'Cases Open')] (str)
    ~~~~~~~~~~~~~~~~~~~~~~~~~~~~~~~~~~~~~~~~~~~~~~~~~~~~~~~~~~~~~~~~~~~~~~~~~~
    File  C:\Users\Komal Kumari\PycharmProjects\CrediwatchAPP\Resources\CommonKeywords\GenralKeywords.robot:117
      Scroll element into view    ${element}
      |  ${element} = //div[contains(text(),'Cases Open')] (str)
    ~~~~~~~~~~~~~~~~~~~~~~~~~~~~~~~~~~~~~~~~~~~~~~~~~~~~~~~~~~~~~~~~~~~~~~~~~~
    File  C:\Users\Komal Kumari\PycharmProjects\CrediwatchAPP\Resources\CommonKeywords\GenralKeywords.robot:117
      Scroll element into view    ${element}
      |  ${element} = //div[contains(text(),'Cases Open')] (str)
    ~~~~~~~~~~~~~~~~~~~~~~~~~~~~~~~~~~~~~~~~~~~~~~~~~~~~~~~~~~~~~~~~~~~~~~~~~~
    File  C:\Users\Komal Kumari\PycharmProjects\CrediwatchAPP\Resources\CommonKeywords\GenralKeywords.robot:117
      Scroll element into view    ${element}
      |  ${element} = //div[contains(text(),'Cases Open')] (str)
    ~~~~~~~~~~~~~~~~~~~~~~~~~~~~~~~~~~~~~~~~~~~~~~~~~~~~~~~~~~~~~~~~~~~~~~~~~~
    File  C:\Users\Komal Kumari\PycharmProjects\CrediwatchAPP\Resources\CommonKeywords\GenralKeywords.robot:117
      Scroll element into view    ${element}
      |  ${element} = //div[contains(text(),'Cases Open')] (str)
    ~~~~~~~~~~~~~~~~~~~~~~~~~~~~~~~~~~~~~~~~~~~~~~~~~~~~~~~~~~~~~~~~~~~~~~~~~~
    File  C:\Users\Komal Kumari\PycharmProjects\CrediwatchAPP\Resources\CommonKeywords\GenralKeywords.robot:117
      Scroll element into view    ${element}
      |  ${element} = //div[contains(text(),'Cases Open')] (str)
    ~~~~~~~~~~~~~~~~~~~~~~~~~~~~~~~~~~~~~~~~~~~~~~~~~~~~~~~~~~~~~~~~~~~~~~~~~~
    File  C:\Users\Komal Kumari\PycharmProjects\CrediwatchAPP\Resources\CommonKeywords\GenralKeywords.robot:117
      Scroll element into view    ${element}
      |  ${element} = //div[contains(text(),'Cases Open')] (str)
    ~~~~~~~~~~~~~~~~~~~~~~~~~~~~~~~~~~~~~~~~~~~~~~~~~~~~~~~~~~~~~~~~~~~~~~~~~~
    File  C:\Users\Komal Kumari\PycharmProjects\CrediwatchAPP\Resources\CommonKeywords\GenralKeywords.robot:117
      Scroll element into view    ${element}
      |  ${element} = //div[contains(text(),'Cases Open')] (str)
    ~~~~~~~~~~~~~~~~~~~~~~~~~~~~~~~~~~~~~~~~~~~~~~~~~~~~~~~~~~~~~~~~~~~~~~~~~~
    File  C:\Users\Komal Kumari\PycharmProjects\CrediwatchAPP\Resources\CommonKeywords\GenralKeywords.robot:117
      Scroll element into view    ${element}
      |  ${element} = //div[contains(text(),'Cases Open')] (str)
    ~~~~~~~~~~~~~~~~~~~~~~~~~~~~~~~~~~~~~~~~~~~~~~~~~~~~~~~~~~~~~~~~~~~~~~~~~~
    File  C:\Users\Komal Kumari\PycharmProjects\CrediwatchAPP\Resources\CommonKeywords\GenralKeywords.robot:117
      Scroll element into view    ${element}
      |  ${element} = //div[contains(text(),'Cases Open')] (str)
    ~~~~~~~~~~~~~~~~~~~~~~~~~~~~~~~~~~~~~~~~~~~~~~~~~~~~~~~~~~~~~~~~~~~~~~~~~~
    File  C:\Users\Komal Kumari\PycharmProjects\CrediwatchAPP\Resources\CommonKeywords\GenralKeywords.robot:117
      Scroll element into view    ${element}
      |  ${element} = //div[contains(text(),'Cases Open')] (str)
    ~~~~~~~~~~~~~~~~~~~~~~~~~~~~~~~~~~~~~~~~~~~~~~~~~~~~~~~~~~~~~~~~~~~~~~~~~~
    File  C:\Users\Komal Kumari\PycharmProjects\CrediwatchAPP\Resources\CommonKeywords\GenralKeywords.robot:117
      Scroll element into view    ${element}
      |  ${element} = //div[contains(text(),'Cases Open')] (str)
    ~~~~~~~~~~~~~~~~~~~~~~~~~~~~~~~~~~~~~~~~~~~~~~~~~~~~~~~~~~~~~~~~~~~~~~~~~~
    File  C:\Users\Komal Kumari\PycharmProjects\CrediwatchAPP\Resources\CommonKeywords\GenralKeywords.robot:117
      Scroll element into view    ${element}
      |  ${element} = //div[contains(text(),'Cases Open')] (str)
    ~~~~~~~~~~~~~~~~~~~~~~~~~~~~~~~~~~~~~~~~~~~~~~~~~~~~~~~~~~~~~~~~~~~~~~~~~~
    File  C:\Users\Komal Kumari\PycharmProjects\CrediwatchAPP\Resources\CommonKeywords\GenralKeywords.robot:117
      Scroll element into view    ${element}
      |  ${element} = //div[contains(text(),'Cases Open')] (str)
    ~~~~~~~~~~~~~~~~~~~~~~~~~~~~~~~~~~~~~~~~~~~~~~~~~~~~~~~~~~~~~~~~~~~~~~~~~~
    File  C:\Users\Komal Kumari\PycharmProjects\CrediwatchAPP\Resources\CommonKeywords\GenralKeywords.robot:117
      Scroll element into view    ${element}
      |  ${element} = //div[contains(text(),'Cases Open')] (str)
    ~~~~~~~~~~~~~~~~~~~~~~~~~~~~~~~~~~~~~~~~~~~~~~~~~~~~~~~~~~~~~~~~~~~~~~~~~~
    File  C:\Users\Komal Kumari\PycharmProjects\CrediwatchAPP\Resources\CommonKeywords\GenralKeywords.robot:117
      Scroll element into view    ${element}
      |  ${element} = //div[contains(text(),'Cases Open')] (str)
    ~~~~~~~~~~~~~~~~~~~~~~~~~~~~~~~~~~~~~~~~~~~~~~~~~~~~~~~~~~~~~~~~~~~~~~~~~~
    File  C:\Users\Komal Kumari\PycharmProjects\CrediwatchAPP\Resources\CommonKeywords\GenralKeywords.robot:117
      Scroll element into view    ${element}
      |  ${element} = //div[contains(text(),'Cases Open')] (str)
    ~~~~~~~~~~~~~~~~~~~~~~~~~~~~~~~~~~~~~~~~~~~~~~~~~~~~~~~~~~~~~~~~~~~~~~~~~~
    File  C:\Users\Komal Kumari\PycharmProjects\CrediwatchAPP\Resources\CommonKeywords\GenralKeywords.robot:117
      Scroll element into view    ${element}
      |  ${element} = //div[contains(text(),'Cases Open')] (str)
    ~~~~~~~~~~~~~~~~~~~~~~~~~~~~~~~~~~~~~~~~~~~~~~~~~~~~~~~~~~~~~~~~~~~~~~~~~~
    File  C:\Users\Komal Kumari\PycharmProjects\CrediwatchAPP\Resources\CommonKeywords\GenralKeywords.robot:117
      Scroll element into view    ${element}
      |  ${element} = //div[contains(text(),'Cases Open')] (str)
    ~~~~~~~~~~~~~~~~~~~~~~~~~~~~~~~~~~~~~~~~~~~~~~~~~~~~~~~~~~~~~~~~~~~~~~~~~~
    File  C:\Users\Komal Kumari\PycharmProjects\CrediwatchAPP\Resources\CommonKeywords\GenralKeywords.robot:117
      Scroll element into view    ${element}
      |  ${element} = //div[contains(text(),'Cases Open')] (str)
    ~~~~~~~~~~~~~~~~~~~~~~~~~~~~~~~~~~~~~~~~~~~~~~~~~~~~~~~~~~~~~~~~~~~~~~~~~~
    File  C:\Users\Komal Kumari\PycharmProjects\CrediwatchAPP\Resources\CommonKeywords\GenralKeywords.robot:117
      Scroll element into view    ${element}
      |  ${element} = //div[contains(text(),'Cases Open')] (str)
    ~~~~~~~~~~~~~~~~~~~~~~~~~~~~~~~~~~~~~~~~~~~~~~~~~~~~~~~~~~~~~~~~~~~~~~~~~~
    File  C:\Users\Komal Kumari\PycharmProjects\CrediwatchAPP\Resources\CommonKeywords\GenralKeywords.robot:117
      Scroll element into view    ${element}
      |  ${element} = //div[contains(text(),'Cases Open')] (str)
    ~~~~~~~~~~~~~~~~~~~~~~~~~~~~~~~~~~~~~~~~~~~~~~~~~~~~~~~~~~~~~~~~~~~~~~~~~~
    File  C:\Users\Komal Kumari\PycharmProjects\CrediwatchAPP\Resources\CommonKeywords\GenralKeywords.robot:117
      Scroll element into view    ${element}
      |  ${element} = //div[contains(text(),'Cases Open')] (str)
    ~~~~~~~~~~~~~~~~~~~~~~~~~~~~~~~~~~~~~~~~~~~~~~~~~~~~~~~~~~~~~~~~~~~~~~~~~~
    File  C:\Users\Komal Kumari\PycharmProjects\CrediwatchAPP\Resources\CommonKeywords\GenralKeywords.robot:117
      Scroll element into view    ${element}
      |  ${element} = //div[contains(text(),'Cases Open')] (str)
    ~~~~~~~~~~~~~~~~~~~~~~~~~~~~~~~~~~~~~~~~~~~~~~~~~~~~~~~~~~~~~~~~~~~~~~~~~~
    File  C:\Users\Komal Kumari\PycharmProjects\CrediwatchAPP\Resources\CommonKeywords\GenralKeywords.robot:117
      Scroll element into view    ${element}
      |  ${element} = //div[contains(text(),'Cases Open')] (str)
    ~~~~~~~~~~~~~~~~~~~~~~~~~~~~~~~~~~~~~~~~~~~~~~~~~~~~~~~~~~~~~~~~~~~~~~~~~~
    File  C:\Users\Komal Kumari\PycharmProjects\CrediwatchAPP\Resources\CommonKeywords\GenralKeywords.robot:117
      Scroll element into view    ${element}
      |  ${element} = //div[contains(text(),'Cases Open')] (str)
    ~~~~~~~~~~~~~~~~~~~~~~~~~~~~~~~~~~~~~~~~~~~~~~~~~~~~~~~~~~~~~~~~~~~~~~~~~~
    File  C:\Users\Komal Kumari\PycharmProjects\CrediwatchAPP\Resources\CommonKeywords\GenralKeywords.robot:117
      Scroll element into view    ${element}
      |  ${element} = //div[contains(text(),'Cases Open')] (str)
    ~~~~~~~~~~~~~~~~~~~~~~~~~~~~~~~~~~~~~~~~~~~~~~~~~~~~~~~~~~~~~~~~~~~~~~~~~~
    File  C:\Users\Komal Kumari\PycharmProjects\CrediwatchAPP\Resources\CommonKeywords\GenralKeywords.robot:117
      Scroll element into view    ${element}
      |  ${element} = //div[contains(text(),'Cases Open')] (str)
    ~~~~~~~~~~~~~~~~~~~~~~~~~~~~~~~~~~~~~~~~~~~~~~~~~~~~~~~~~~~~~~~~~~~~~~~~~~
    File  C:\Users\Komal Kumari\PycharmProjects\CrediwatchAPP\Resources\CommonKeywords\GenralKeywords.robot:117
      Scroll element into view    ${element}
      |  ${element} = //div[contains(text(),'Cases Open')] (str)
    ~~~~~~~~~~~~~~~~~~~~~~~~~~~~~~~~~~~~~~~~~~~~~~~~~~~~~~~~~~~~~~~~~~~~~~~~~~
    File  C:\Users\Komal Kumari\PycharmProjects\CrediwatchAPP\Resources\CommonKeywords\GenralKeywords.robot:117
      Scroll element into view    ${element}
      |  ${element} = //div[contains(text(),'Cases Open')] (str)
    ~~~~~~~~~~~~~~~~~~~~~~~~~~~~~~~~~~~~~~~~~~~~~~~~~~~~~~~~~~~~~~~~~~~~~~~~~~
    File  C:\Users\Komal Kumari\PycharmProjects\CrediwatchAPP\Resources\CommonKeywords\GenralKeywords.robot:117
      Scroll element into view    ${element}
      |  ${element} = //div[contains(text(),'Cases Open')] (str)
    ~~~~~~~~~~~~~~~~~~~~~~~~~~~~~~~~~~~~~~~~~~~~~~~~~~~~~~~~~~~~~~~~~~~~~~~~~~
    File  C:\Users\Komal Kumari\PycharmProjects\CrediwatchAPP\Resources\CommonKeywords\GenralKeywords.robot:117
      Scroll element into view    ${element}
      |  ${element} = //div[contains(text(),'Cases Open')] (str)
    ~~~~~~~~~~~~~~~~~~~~~~~~~~~~~~~~~~~~~~~~~~~~~~~~~~~~~~~~~~~~~~~~~~~~~~~~~~
    File  C:\Users\Komal Kumari\PycharmProjects\CrediwatchAPP\Resources\CommonKeywords\GenralKeywords.robot:117
      Scroll element into view    ${element}
      |  ${element} = //div[contains(text(),'Cases Open')] (str)
    ~~~~~~~~~~~~~~~~~~~~~~~~~~~~~~~~~~~~~~~~~~~~~~~~~~~~~~~~~~~~~~~~~~~~~~~~~~
    File  C:\Users\Komal Kumari\PycharmProjects\CrediwatchAPP\Resources\CommonKeywords\GenralKeywords.robot:117
      Scroll element into view    ${element}
      |  ${element} = //div[contains(text(),'Cases Open')] (str)
    ~~~~~~~~~~~~~~~~~~~~~~~~~~~~~~~~~~~~~~~~~~~~~~~~~~~~~~~~~~~~~~~~~~~~~~~~~~
    File  C:\Users\Komal Kumari\PycharmProjects\CrediwatchAPP\Resources\CommonKeywords\GenralKeywords.robot:117
      Scroll element into view    ${element}
      |  ${element} = //div[contains(text(),'Cases Open')] (str)
    ~~~~~~~~~~~~~~~~~~~~~~~~~~~~~~~~~~~~~~~~~~~~~~~~~~~~~~~~~~~~~~~~~~~~~~~~~~
    File  C:\Users\Komal Kumari\PycharmProjects\CrediwatchAPP\Resources\CommonKeywords\GenralKeywords.robot:117
      Scroll element into view    ${element}
      |  ${element} = //div[contains(text(),'Cases Open')] (str)
    ~~~~~~~~~~~~~~~~~~~~~~~~~~~~~~~~~~~~~~~~~~~~~~~~~~~~~~~~~~~~~~~~~~~~~~~~~~
    File  C:\Users\Komal Kumari\PycharmProjects\CrediwatchAPP\Resources\CommonKeywords\GenralKeywords.robot:117
      Scroll element into view    ${element}
      |  ${element} = //div[contains(text(),'Cases Open')] (str)
    ~~~~~~~~~~~~~~~~~~~~~~~~~~~~~~~~~~~~~~~~~~~~~~~~~~~~~~~~~~~~~~~~~~~~~~~~~~
    File  C:\Users\Komal Kumari\PycharmProjects\CrediwatchAPP\Resources\CommonKeywords\GenralKeywords.robot:117
      Scroll element into view    ${element}
      |  ${element} = //div[contains(text(),'Cases Open')] (str)
    ~~~~~~~~~~~~~~~~~~~~~~~~~~~~~~~~~~~~~~~~~~~~~~~~~~~~~~~~~~~~~~~~~~~~~~~~~~
    File  C:\Users\Komal Kumari\PycharmProjects\CrediwatchAPP\Resources\CommonKeywords\GenralKeywords.robot:117
      Scroll element into view    ${element}
      |  ${element} = //div[contains(text(),'Cases Open')] (str)
    ~~~~~~~~~~~~~~~~~~~~~~~~~~~~~~~~~~~~~~~~~~~~~~~~~~~~~~~~~~~~~~~~~~~~~~~~~~
    File  C:\Users\Komal Kumari\PycharmProjects\CrediwatchAPP\Resources\CommonKeywords\GenralKeywords.robot:117
      Scroll element into view    ${element}
      |  ${element} = //div[contains(text(),'Cases Open')] (str)
    ~~~~~~~~~~~~~~~~~~~~~~~~~~~~~~~~~~~~~~~~~~~~~~~~~~~~~~~~~~~~~~~~~~~~~~~~~~
    File  C:\Users\Komal Kumari\PycharmProjects\CrediwatchAPP\Resources\CommonKeywords\GenralKeywords.robot:117
      Scroll element into view    ${element}
      |  ${element} = //div[contains(text(),'Cases Open')] (str)
    ~~~~~~~~~~~~~~~~~~~~~~~~~~~~~~~~~~~~~~~~~~~~~~~~~~~~~~~~~~~~~~~~~~~~~~~~~~
    File  C:\Users\Komal Kumari\PycharmProjects\CrediwatchAPP\Resources\CommonKeywords\GenralKeywords.robot:117
      Scroll element into view    ${element}
      |  ${element} = //div[contains(text(),'Cases Open')] (str)
    ~~~~~~~~~~~~~~~~~~~~~~~~~~~~~~~~~~~~~~~~~~~~~~~~~~~~~~~~~~~~~~~~~~~~~~~~~~
    File  C:\Users\Komal Kumari\PycharmProjects\CrediwatchAPP\Resources\CommonKeywords\GenralKeywords.robot:117
      Scroll element into view    ${element}
      |  ${element} = //div[contains(text(),'Cases Open')] (str)
    ~~~~~~~~~~~~~~~~~~~~~~~~~~~~~~~~~~~~~~~~~~~~~~~~~~~~~~~~~~~~~~~~~~~~~~~~~~
    File  C:\Users\Komal Kumari\PycharmProjects\CrediwatchAPP\Resources\CommonKeywords\GenralKeywords.robot:117
      Scroll element into view    ${element}
      |  ${element} = //div[contains(text(),'Cases Open')] (str)
    ~~~~~~~~~~~~~~~~~~~~~~~~~~~~~~~~~~~~~~~~~~~~~~~~~~~~~~~~~~~~~~~~~~~~~~~~~~
    File  C:\Users\Komal Kumari\PycharmProjects\CrediwatchAPP\Resources\CommonKeywords\GenralKeywords.robot:117
      Scroll element into view    ${element}
      |  ${element} = //div[contains(text(),'Cases Open')] (str)
    ~~~~~~~~~~~~~~~~~~~~~~~~~~~~~~~~~~~~~~~~~~~~~~~~~~~~~~~~~~~~~~~~~~~~~~~~~~
    File  C:\Users\Komal Kumari\PycharmProjects\CrediwatchAPP\Resources\CommonKeywords\GenralKeywords.robot:117
      Scroll element into view    ${element}
      |  ${element} = //div[contains(text(),'Cases Open')] (str)
    ~~~~~~~~~~~~~~~~~~~~~~~~~~~~~~~~~~~~~~~~~~~~~~~~~~~~~~~~~~~~~~~~~~~~~~~~~~
    File  C:\Users\Komal Kumari\PycharmProjects\CrediwatchAPP\Resources\CommonKeywords\GenralKeywords.robot:117
      Scroll element into view    ${element}
      |  ${element} = //div[contains(text(),'Cases Open')] (str)
    ~~~~~~~~~~~~~~~~~~~~~~~~~~~~~~~~~~~~~~~~~~~~~~~~~~~~~~~~~~~~~~~~~~~~~~~~~~
    File  C:\Users\Komal Kumari\PycharmProjects\CrediwatchAPP\Resources\CommonKeywords\GenralKeywords.robot:117
      Scroll element into view    ${element}
      |  ${element} = //div[contains(text(),'Cases Open')] (str)
    ~~~~~~~~~~~~~~~~~~~~~~~~~~~~~~~~~~~~~~~~~~~~~~~~~~~~~~~~~~~~~~~~~~~~~~~~~~
    File  C:\Users\Komal Kumari\PycharmProjects\CrediwatchAPP\Resources\CommonKeywords\GenralKeywords.robot:117
      Scroll element into view    ${element}
      |  ${element} = //div[contains(text(),'Cases Open')] (str)
    ~~~~~~~~~~~~~~~~~~~~~~~~~~~~~~~~~~~~~~~~~~~~~~~~~~~~~~~~~~~~~~~~~~~~~~~~~~
    File  C:\Users\Komal Kumari\PycharmProjects\CrediwatchAPP\Resources\CommonKeywords\GenralKeywords.robot:117
      Scroll element into view    ${element}
      |  ${element} = //div[contains(text(),'Cases Open')] (str)
    ~~~~~~~~~~~~~~~~~~~~~~~~~~~~~~~~~~~~~~~~~~~~~~~~~~~~~~~~~~~~~~~~~~~~~~~~~~
    File  C:\Users\Komal Kumari\PycharmProjects\CrediwatchAPP\Resources\CommonKeywords\GenralKeywords.robot:117
      Scroll element into view    ${element}
      |  ${element} = //div[contains(text(),'Cases Open')] (str)
______________________________________________________________________________
| FAIL |
Maximum limit of started keywords and control structures exceeded.
------------------------------------------------------------------------------
Verify Products Order tab :: TC-5 Click on Products Order tab page...   
  Traceback (most recent call last):
    ~~~~~~~~~~~~~~~~~~~~~~~~~~~~~~~~~~~~~~~~~~~~~~~~~~~~~~~~~~~~~~~~~~~~~~~~~~
    File  C:\Users\Komal Kumari\PycharmProjects\CrediwatchAPP\TestSuites\TS2_Highlights\TC2_HIGHLIGHTS.robot:39
    T:  Verify Products Order tab    
    ~~~~~~~~~~~~~~~~~~~~~~~~~~~~~~~~~~~~~~~~~~~~~~~~~~~~~~~~~~~~~~~~~~~~~~~~~~
    File  C:\Users\Komal Kumari\PycharmProjects\CrediwatchAPP\TestSuites\TS2_Highlights\TC2_HIGHLIGHTS.robot:45
      Click Products Order tab And Verify Navigaton    
    ~~~~~~~~~~~~~~~~~~~~~~~~~~~~~~~~~~~~~~~~~~~~~~~~~~~~~~~~~~~~~~~~~~~~~~~~~~
    File  C:\Users\Komal Kumari\PycharmProjects\CrediwatchAPP\Resources\Keywords\HighlightsPage.robot:52
      Click Element    //div[contains(text(),'Order Reports')]
______________________________________________________________________________
| FAIL |
Element with locator '//div[contains(text(),'Order Reports')]' not found.
------------------------------------------------------------------------------
TestSuites.TS2 Highlights.TC2 HIGHLIGHTS                              | FAIL |
5 tests, 0 passed, 5 failed
==============================================================================
TestSuites.TS2 Highlights                                             | FAIL |
5 tests, 0 passed, 5 failed
==============================================================================
TestSuites                                                            | FAIL |
5 tests, 0 passed, 5 failed
==============================================================================
Output:  C:\Users\Komal Kumari\PycharmProjects\CrediwatchAPP\Results\pabot_results\11\output.xml
