1716441381489	geckodriver	INFO	Listening on 127.0.0.1:61161
1716441384539	mozrunner::runner	INFO	Running command: "C:\\Program Files\\Mozilla Firefox\\firefox.exe" "--marionette" "--remote-debugging-port" "61162" "--remote-allow-hosts" "localhost" "-no-remote" "-profile" "C:\\Users\\KOMALK~1\\AppData\\Local\\Temp\\rust_mozprofileqrUrKm"
console.warn: services.settings: Ignoring preference override of remote settings server
console.warn: services.settings: Allow by setting MOZ_REMOTE_SETTINGS_DEVTOOLS=1 in the environment
Dynamically enable window occlusion 0
1716441385473	Marionette	INFO	Marionette enabled
1716441385932	Marionette	INFO	Listening on port 61179
Read port: 61179
WebDriver BiDi listening on ws://127.0.0.1:61162
1716441386085	RemoteAgent	WARN	TLS certificate errors will be ignored for this session
DevTools listening on ws://127.0.0.1:61162/devtools/browser/6cf79905-336e-4a8b-90da-1f2805b5ea48
JavaScript error: https://www.crediwatch.net/javascripts/hubspot/v2.js, line 1: SyntaxError: expected expression, got '<'
JavaScript error: https://www.crediwatch.net/, line 1: ReferenceError: $ is not defined
JavaScript error: https://www.crediwatch.net/javascripts/hubspot/v2.js, line 1: SyntaxError: expected expression, got '<'
JavaScript error: https://www.crediwatch.net/home, line 1: ReferenceError: $ is not defined
console.error: ({})
JavaScript error: https://www.crediwatch.net/cdn/assets/javascripts/one-tab-google/staging.js, line 13: TypeError: $(...).modal is not a function
JavaScript warning: https://www.crediwatch.net/static/js/24.f044987e.chunk.js, line 2: Script terminated by timeout at:
_e.prototype._init/<@https://www.crediwatch.net/static/js/24.f044987e.chunk.js:2:144846

console.warn: LoginRecipes: "Falling back to a synchronous message for: https://crediwatch.auth.ap-south-1.amazoncognito.com."
console.warn: LoginRecipes: "Falling back to a synchronous message for: https://crediwatch.auth.ap-south-1.amazoncognito.com."
JavaScript error: https://www.crediwatch.net/javascripts/hubspot/v2.js, line 1: SyntaxError: expected expression, got '<'
JavaScript error: https://www.crediwatch.net/auth?code=ac9198f9-8c1d-4d86-861f-c87fe440a3f1, line 1: ReferenceError: $ is not defined
console.error: ({})
1716441415678	addons.xpi	ERROR	System addon update list error SyntaxError: XMLHttpRequest.open: 'http://%(server)s/dummy-system-addons.xml' is not a valid URL.
1716441418848	Marionette	WARN	TimedPromise timed out after 500 ms: stacktrace:
TimedPromise/<@chrome://remote/content/marionette/sync.sys.mjs:219:24
TimedPromise@chrome://remote/content/marionette/sync.sys.mjs:203:10
interaction.flushEventLoop@chrome://remote/content/marionette/interaction.sys.mjs:468:10
webdriverClickElement@chrome://remote/content/marionette/interaction.sys.mjs:219:33
Exiting due to channel error.
Exiting due to channel error.
Exiting due to channel error.
