==============================================================================
TestSuites                                                                    
==============================================================================
TestSuites.TS9 Blacklists                                                     
==============================================================================
TestSuites.TS9 Blacklists.TC9 BLACKLISTS                                      
==============================================================================
Verifying Blacklists page :: TC-1 Test the Blacklists page              
  Traceback (most recent call last):
    ~~~~~~~~~~~~~~~~~~~~~~~~~~~~~~~~~~~~~~~~~~~~~~~~~~~~~~~~~~~~~~~~~~~~~~~~~~
    File  C:\Users\Komal Kumari\PycharmProjects\CrediwatchAPP\TestSuites\TS9_Blacklists\TC9_BLACKLISTS.robot:11
    T:  Verifying Blacklists page    
    ~~~~~~~~~~~~~~~~~~~~~~~~~~~~~~~~~~~~~~~~~~~~~~~~~~~~~~~~~~~~~~~~~~~~~~~~~~
    File  C:\Users\Komal Kumari\PycharmProjects\CrediwatchAPP\TestSuites\TS9_Blacklists\TC9_BLACKLISTS.robot:14
      Login to the application and search customer name    
    ~~~~~~~~~~~~~~~~~~~~~~~~~~~~~~~~~~~~~~~~~~~~~~~~~~~~~~~~~~~~~~~~~~~~~~~~~~
    File  C:\Users\Komal Kumari\PycharmProjects\CrediwatchAPP\Resources\CommonKeywords\GenralKeywords.robot:107
      Wait Until Element Is Visible    ${SEARCHED ITEM}
      |  ${SEARCHED ITEM} = (//div[@class='d-flex align-items-center'])[1] (str)
______________________________________________________________________________
| FAIL |
Element '(//div[@class='d-flex align-items-center'])[1]' not visible after 5 seconds.
------------------------------------------------------------------------------
TestSuites.TS9 Blacklists.TC9 BLACKLISTS                              | FAIL |
1 test, 0 passed, 1 failed
==============================================================================
TestSuites.TS9 Blacklists                                             | FAIL |
1 test, 0 passed, 1 failed
==============================================================================
TestSuites                                                            | FAIL |
1 test, 0 passed, 1 failed
==============================================================================
Output:  C:\Users\Komal Kumari\PycharmProjects\CrediwatchAPP\Results\pabot_results\18\output.xml
